dfba9eef-32cf-450f-987c-d8bfed20722a INIT
dfba9eef-32cf-450f-987c-d8bfed20722a VOTE_REQUEST
dfba9eef-32cf-450f-987c-d8bfed20722a GLOBAL_COMMIT
b00e600d-5b3d-4652-8769-64c2b808720f INIT
b00e600d-5b3d-4652-8769-64c2b808720f VOTE_REQUEST
b00e600d-5b3d-4652-8769-64c2b808720f GLOBAL_COMMIT
52a67766-9a92-44e9-bfbd-ad8f9fc7478a INIT
52a67766-9a92-44e9-bfbd-ad8f9fc7478a VOTE_REQUEST
52a67766-9a92-44e9-bfbd-ad8f9fc7478a GLOBAL_COMMIT
c9087d74-7a0c-4fad-82fb-8fdd40ddea8c INIT
c9087d74-7a0c-4fad-82fb-8fdd40ddea8c VOTE_REQUEST
c9087d74-7a0c-4fad-82fb-8fdd40ddea8c GLOBAL_ABORT
d2963bcb-45b2-4f8e-a580-d3309fd59dd1 INIT
d2963bcb-45b2-4f8e-a580-d3309fd59dd1 VOTE_REQUEST
d2963bcb-45b2-4f8e-a580-d3309fd59dd1 GLOBAL_ABORT
bcab2367-b37e-4f8c-bada-fbb1a3d4bb46 INIT
bcab2367-b37e-4f8c-bada-fbb1a3d4bb46 VOTE_REQUEST
bcab2367-b37e-4f8c-bada-fbb1a3d4bb46 GLOBAL_ABORT
2da01a94-99cd-4640-a695-0ec9fc1c4198 INIT
2da01a94-99cd-4640-a695-0ec9fc1c4198 VOTE_REQUEST
2da01a94-99cd-4640-a695-0ec9fc1c4198 GLOBAL_COMMIT
2e466842-b82c-446f-8062-a904dd1e95ca INIT
2e466842-b82c-446f-8062-a904dd1e95ca VOTE_REQUEST
2e466842-b82c-446f-8062-a904dd1e95ca GLOBAL_COMMIT
85e2c7cf-b8e6-4029-9e31-500a11f3d840 INIT
85e2c7cf-b8e6-4029-9e31-500a11f3d840 VOTE_REQUEST
85e2c7cf-b8e6-4029-9e31-500a11f3d840 GLOBAL_COMMIT
aa0de8b9-ad57-46f9-8d95-036f1ea9eb6f INIT
aa0de8b9-ad57-46f9-8d95-036f1ea9eb6f VOTE_REQUEST
aa0de8b9-ad57-46f9-8d95-036f1ea9eb6f GLOBAL_COMMIT
25f17863-8cb3-49cd-a73f-9f8389318e52 INIT
25f17863-8cb3-49cd-a73f-9f8389318e52 VOTE_REQUEST
25f17863-8cb3-49cd-a73f-9f8389318e52 GLOBAL_COMMIT
daeaea23-cde6-442e-8543-5d266a36d466 INIT
daeaea23-cde6-442e-8543-5d266a36d466 VOTE_REQUEST
daeaea23-cde6-442e-8543-5d266a36d466 GLOBAL_COMMIT
c4f783c8-7642-4b95-8858-07446af7a146 INIT
c4f783c8-7642-4b95-8858-07446af7a146 GLOBAL_ABORT
2e2cb3c3-ba6f-4190-8d64-0714074696bf INIT
2e2cb3c3-ba6f-4190-8d64-0714074696bf VOTE_REQUEST
2e2cb3c3-ba6f-4190-8d64-0714074696bf GLOBAL_ABORT
9d5d9356-3c19-4b32-82eb-f348bd7ccfbb INIT
9d5d9356-3c19-4b32-82eb-f348bd7ccfbb VOTE_REQUEST
9d5d9356-3c19-4b32-82eb-f348bd7ccfbb GLOBAL_ABORT
dcbfbcd1-a868-4229-b409-4f8d06a75ae6 INIT
dcbfbcd1-a868-4229-b409-4f8d06a75ae6 VOTE_REQUEST
0311ccf1-b391-404b-a7e1-34518c1d466d INIT
0311ccf1-b391-404b-a7e1-34518c1d466d VOTE_REQUEST
0311ccf1-b391-404b-a7e1-34518c1d466d GLOBAL_ABORT
0311ccf1-b391-404b-a7e1-34518c1d466d GLOBAL_ABORT
3c3b9d96-0bfa-451f-8141-155bb56415b2 INIT
3c3b9d96-0bfa-451f-8141-155bb56415b2 GLOBAL_ABORT
ab63f82c-8f2a-407b-beb4-68920d50f084 INIT
ab63f82c-8f2a-407b-beb4-68920d50f084 VOTE_REQUEST
ab63f82c-8f2a-407b-beb4-68920d50f084 GLOBAL_COMMIT
58656892-bbc1-4d4f-8947-5918a9245a0c INIT
58656892-bbc1-4d4f-8947-5918a9245a0c VOTE_REQUEST
58656892-bbc1-4d4f-8947-5918a9245a0c GLOBAL_ABORT
2be5b526-e001-4804-aa61-1b704773fabc INIT
2be5b526-e001-4804-aa61-1b704773fabc VOTE_REQUEST
250d0789-b512-4b3c-a0b0-d29be8985d66 INIT
250d0789-b512-4b3c-a0b0-d29be8985d66 VOTE_REQUEST
250d0789-b512-4b3c-a0b0-d29be8985d66 GLOBAL_ABORT
250d0789-b512-4b3c-a0b0-d29be8985d66 GLOBAL_ABORT
1caccc2a-1791-4db3-9322-e941c6e4db04 INIT
1caccc2a-1791-4db3-9322-e941c6e4db04 VOTE_REQUEST
1caccc2a-1791-4db3-9322-e941c6e4db04 GLOBAL_ABORT
fb14f9a8-9e45-4078-a014-6763dcdf9cfe INIT
fb14f9a8-9e45-4078-a014-6763dcdf9cfe VOTE_REQUEST
fb14f9a8-9e45-4078-a014-6763dcdf9cfe GLOBAL_ABORT
19fc8081-3129-479a-90f1-34461172d408 INIT
19fc8081-3129-479a-90f1-34461172d408 VOTE_REQUEST
19fc8081-3129-479a-90f1-34461172d408 GLOBAL_ABORT
daf245eb-d31a-45f6-8695-0adb0ec2cf2a INIT
daf245eb-d31a-45f6-8695-0adb0ec2cf2a VOTE_REQUEST
daf245eb-d31a-45f6-8695-0adb0ec2cf2a GLOBAL_ABORT
1d28e36a-6fe9-4df9-a7b7-9211cbfd8907 INIT
1d28e36a-6fe9-4df9-a7b7-9211cbfd8907 GLOBAL_ABORT
0b8f5a8b-252c-47cc-8884-00c468fe26a6 INIT
0b8f5a8b-252c-47cc-8884-00c468fe26a6 VOTE_REQUEST
0b8f5a8b-252c-47cc-8884-00c468fe26a6 GLOBAL_ABORT
22e78dd1-8d7e-4693-9a1c-67a0cec2cc0e INIT
22e78dd1-8d7e-4693-9a1c-67a0cec2cc0e VOTE_REQUEST
22e78dd1-8d7e-4693-9a1c-67a0cec2cc0e GLOBAL_ABORT
740e8853-74b4-4247-9e67-dae46c625e09 INIT
740e8853-74b4-4247-9e67-dae46c625e09 VOTE_REQUEST
740e8853-74b4-4247-9e67-dae46c625e09 GLOBAL_ABORT
dec84185-68aa-415c-88e2-06a577e1055a INIT
dec84185-68aa-415c-88e2-06a577e1055a GLOBAL_ABORT
a8a76eb6-ec43-4ff8-b398-0f90e436d19b INIT
a8a76eb6-ec43-4ff8-b398-0f90e436d19b VOTE_REQUEST
a8a76eb6-ec43-4ff8-b398-0f90e436d19b GLOBAL_ABORT
dd33603a-618b-48b2-b546-00a242bb9453 INIT
dd33603a-618b-48b2-b546-00a242bb9453 VOTE_REQUEST
dd33603a-618b-48b2-b546-00a242bb9453 GLOBAL_ABORT
e65371c7-5058-4735-854b-e42e0d18b553 INIT
e65371c7-5058-4735-854b-e42e0d18b553 VOTE_REQUEST
e65371c7-5058-4735-854b-e42e0d18b553 GLOBAL_ABORT
4114929f-e258-4dbf-9922-14c952506004 INIT
4114929f-e258-4dbf-9922-14c952506004 VOTE_REQUEST
4114929f-e258-4dbf-9922-14c952506004 GLOBAL_ABORT
b5a31c2b-4cbc-4fb5-8c21-1b055d130ec0 INIT
b5a31c2b-4cbc-4fb5-8c21-1b055d130ec0 GLOBAL_ABORT
bde904b4-45dc-4fa5-a82e-c6b8dbcaf96f INIT
bde904b4-45dc-4fa5-a82e-c6b8dbcaf96f VOTE_REQUEST
bde904b4-45dc-4fa5-a82e-c6b8dbcaf96f GLOBAL_COMMIT
afa12c60-489a-4e0e-8bba-97fbf8668b53 INIT
afa12c60-489a-4e0e-8bba-97fbf8668b53 VOTE_REQUEST
25bacb5a-63d6-4452-af85-252c429215a1 INIT
25bacb5a-63d6-4452-af85-252c429215a1 VOTE_REQUEST
25bacb5a-63d6-4452-af85-252c429215a1 GLOBAL_ABORT
89667d9c-1813-4692-a742-480ce1d7bf3d INIT
89667d9c-1813-4692-a742-480ce1d7bf3d GLOBAL_ABORT
7795fcdb-7d28-4df3-b26a-e4e083727a47 INIT
7795fcdb-7d28-4df3-b26a-e4e083727a47 VOTE_REQUEST
7795fcdb-7d28-4df3-b26a-e4e083727a47 GLOBAL_COMMIT
913d02fc-a912-465e-9772-469445f8013e INIT
913d02fc-a912-465e-9772-469445f8013e VOTE_REQUEST
913d02fc-a912-465e-9772-469445f8013e GLOBAL_ABORT
886046b4-c289-4bb2-9d4c-881437de726f INIT
886046b4-c289-4bb2-9d4c-881437de726f VOTE_REQUEST
886046b4-c289-4bb2-9d4c-881437de726f GLOBAL_ABORT
0cfa7ae9-531c-4e63-8ab0-e4a39ebb388e INIT
0cfa7ae9-531c-4e63-8ab0-e4a39ebb388e VOTE_REQUEST
0cfa7ae9-531c-4e63-8ab0-e4a39ebb388e GLOBAL_ABORT
40f99618-22f5-4d24-9ade-74fd6a83b162 INIT
40f99618-22f5-4d24-9ade-74fd6a83b162 VOTE_REQUEST
40f99618-22f5-4d24-9ade-74fd6a83b162 GLOBAL_COMMIT
ab47a848-68e0-4c79-9374-efd3ce634906 INIT
ab47a848-68e0-4c79-9374-efd3ce634906 VOTE_REQUEST
ab47a848-68e0-4c79-9374-efd3ce634906 GLOBAL_ABORT
4d766db1-31e8-4de7-9113-d8556fd05187 INIT
4d766db1-31e8-4de7-9113-d8556fd05187 VOTE_REQUEST
4d766db1-31e8-4de7-9113-d8556fd05187 GLOBAL_COMMIT
27b8ee5b-dedd-4774-bbd3-5f215eeb8691 INIT
27b8ee5b-dedd-4774-bbd3-5f215eeb8691 VOTE_REQUEST
27b8ee5b-dedd-4774-bbd3-5f215eeb8691 GLOBAL_COMMIT
d55ee510-619d-4f08-ac0f-ca45fc37f366 INIT
d55ee510-619d-4f08-ac0f-ca45fc37f366 VOTE_REQUEST
d55ee510-619d-4f08-ac0f-ca45fc37f366 GLOBAL_COMMIT
f703bf5b-4d54-4268-8815-fc6c36bc0770 INIT
f703bf5b-4d54-4268-8815-fc6c36bc0770 VOTE_REQUEST
f703bf5b-4d54-4268-8815-fc6c36bc0770 GLOBAL_ABORT
2ca3bff5-47c7-4bbd-971c-0adaa6e0cd31 INIT
2ca3bff5-47c7-4bbd-971c-0adaa6e0cd31 VOTE_REQUEST
2ca3bff5-47c7-4bbd-971c-0adaa6e0cd31 GLOBAL_ABORT
02a049cb-f26d-4949-8e31-27cb201c6a8b INIT
02a049cb-f26d-4949-8e31-27cb201c6a8b VOTE_REQUEST
02a049cb-f26d-4949-8e31-27cb201c6a8b GLOBAL_ABORT
1ea801c1-dc04-4295-8c5f-2c650d7bd09f INIT
1ea801c1-dc04-4295-8c5f-2c650d7bd09f VOTE_REQUEST
d27c5288-286c-47bc-82ab-254fe7bde02d INIT
d27c5288-286c-47bc-82ab-254fe7bde02d GLOBAL_ABORT
7b6b5428-3c7d-4872-8e35-f6a72abab96e INIT
7b6b5428-3c7d-4872-8e35-f6a72abab96e VOTE_REQUEST
7b6b5428-3c7d-4872-8e35-f6a72abab96e GLOBAL_ABORT
f932b068-b972-4890-ba36-b03dc1924dda INIT
f932b068-b972-4890-ba36-b03dc1924dda VOTE_REQUEST
f932b068-b972-4890-ba36-b03dc1924dda GLOBAL_COMMIT
8f6e4fa6-adf2-410d-9bd8-8ba530d87ad1 INIT
8f6e4fa6-adf2-410d-9bd8-8ba530d87ad1 VOTE_REQUEST
8f6e4fa6-adf2-410d-9bd8-8ba530d87ad1 GLOBAL_ABORT
a82024d8-6f7b-4c38-b151-ed4873735a49 INIT
a82024d8-6f7b-4c38-b151-ed4873735a49 VOTE_REQUEST
a82024d8-6f7b-4c38-b151-ed4873735a49 GLOBAL_ABORT
0c2396f6-d575-4b58-a220-f9af2672fc3f INIT
0c2396f6-d575-4b58-a220-f9af2672fc3f VOTE_REQUEST
40cc2a42-bfda-424a-aa1e-c7f5a5f0beea INIT
40cc2a42-bfda-424a-aa1e-c7f5a5f0beea VOTE_REQUEST
40cc2a42-bfda-424a-aa1e-c7f5a5f0beea GLOBAL_ABORT
fb55b12a-b2f2-4292-a76e-488dac3e58ed INIT
fb55b12a-b2f2-4292-a76e-488dac3e58ed VOTE_REQUEST
fb55b12a-b2f2-4292-a76e-488dac3e58ed GLOBAL_ABORT
6663f0b6-7aae-4cb7-9a2c-3ca8592e46ac INIT
6663f0b6-7aae-4cb7-9a2c-3ca8592e46ac VOTE_REQUEST
6663f0b6-7aae-4cb7-9a2c-3ca8592e46ac GLOBAL_ABORT
08e38772-0bdc-466d-87e0-35ffe0a0d94c INIT
08e38772-0bdc-466d-87e0-35ffe0a0d94c GLOBAL_ABORT
42b31225-cc8f-40ba-8b8d-8108d601e983 INIT
42b31225-cc8f-40ba-8b8d-8108d601e983 GLOBAL_ABORT
c4408ce7-d8b2-457f-9b7b-cc4e7d1514ce INIT
c4408ce7-d8b2-457f-9b7b-cc4e7d1514ce GLOBAL_ABORT
e0354664-7dd3-4875-9cc6-92a832aa0779 INIT
e0354664-7dd3-4875-9cc6-92a832aa0779 GLOBAL_ABORT
03338bcd-d72f-4279-a519-8c3b20dc0969 INIT
03338bcd-d72f-4279-a519-8c3b20dc0969 GLOBAL_ABORT
83a4fd8a-98ad-4982-8659-61a2ddd05d27 INIT
83a4fd8a-98ad-4982-8659-61a2ddd05d27 VOTE_REQUEST
83a4fd8a-98ad-4982-8659-61a2ddd05d27 VOTE_REQUEST
83a4fd8a-98ad-4982-8659-61a2ddd05d27 GLOBAL_COMMIT
6e1600ea-6907-461f-9bc2-343596c970ad INIT
6e1600ea-6907-461f-9bc2-343596c970ad VOTE_REQUEST
6e1600ea-6907-461f-9bc2-343596c970ad VOTE_REQUEST
6e1600ea-6907-461f-9bc2-343596c970ad GLOBAL_COMMIT
09eb4040-9cbb-449a-9fb9-53bb72cc8d80 INIT
09eb4040-9cbb-449a-9fb9-53bb72cc8d80 VOTE_REQUEST
09eb4040-9cbb-449a-9fb9-53bb72cc8d80 VOTE_REQUEST
09eb4040-9cbb-449a-9fb9-53bb72cc8d80 GLOBAL_ABORT
2ba92648-fbaa-48a7-95aa-7097abc10eb2 INIT
2ba92648-fbaa-48a7-95aa-7097abc10eb2 VOTE_REQUEST
2ba92648-fbaa-48a7-95aa-7097abc10eb2 VOTE_REQUEST
2ba92648-fbaa-48a7-95aa-7097abc10eb2 GLOBAL_ABORT
bf6b324b-2b6b-4f9e-af32-9b80ed14ff2c INIT
bf6b324b-2b6b-4f9e-af32-9b80ed14ff2c VOTE_REQUEST
bf6b324b-2b6b-4f9e-af32-9b80ed14ff2c VOTE_REQUEST
bf6b324b-2b6b-4f9e-af32-9b80ed14ff2c GLOBAL_ABORT
07c45986-5464-4dad-8d8a-99345613cebc INIT
07c45986-5464-4dad-8d8a-99345613cebc VOTE_REQUEST
07c45986-5464-4dad-8d8a-99345613cebc VOTE_REQUEST
07c45986-5464-4dad-8d8a-99345613cebc GLOBAL_COMMIT
65b43832-8475-43fa-82dc-fde15f86c9ed INIT
65b43832-8475-43fa-82dc-fde15f86c9ed VOTE_REQUEST
65b43832-8475-43fa-82dc-fde15f86c9ed VOTE_REQUEST
65b43832-8475-43fa-82dc-fde15f86c9ed GLOBAL_COMMIT
