f7276d80-d0a9-4c8e-ad37-755cd6da4dcb INIT
01959e2b-6ce5-46ec-9a11-455ef23aa36b INIT
01959e2b-6ce5-46ec-9a11-455ef23aa36b VOTE_COMMIT
42b31225-cc8f-40ba-8b8d-8108d601e983 GLOBAL_ABORT
c4408ce7-d8b2-457f-9b7b-cc4e7d1514ce GLOBAL_ABORT
e0354664-7dd3-4875-9cc6-92a832aa0779 GLOBAL_ABORT
83a4fd8a-98ad-4982-8659-61a2ddd05d27 INIT
83a4fd8a-98ad-4982-8659-61a2ddd05d27 VOTE_COMMIT
83a4fd8a-98ad-4982-8659-61a2ddd05d27 GLOBAL_COMMIT
6e1600ea-6907-461f-9bc2-343596c970ad INIT
6e1600ea-6907-461f-9bc2-343596c970ad VOTE_COMMIT
6e1600ea-6907-461f-9bc2-343596c970ad GLOBAL_COMMIT
bf6b324b-2b6b-4f9e-af32-9b80ed14ff2c INIT
07c45986-5464-4dad-8d8a-99345613cebc INIT
07c45986-5464-4dad-8d8a-99345613cebc VOTE_COMMIT
07c45986-5464-4dad-8d8a-99345613cebc GLOBAL_COMMIT
07c45986-5464-4dad-8d8a-99345613cebc GLOBAL_COMMIT
07c45986-5464-4dad-8d8a-99345613cebc GLOBAL_COMMIT
07c45986-5464-4dad-8d8a-99345613cebc GLOBAL_COMMIT
65b43832-8475-43fa-82dc-fde15f86c9ed INIT
65b43832-8475-43fa-82dc-fde15f86c9ed VOTE_COMMIT
65b43832-8475-43fa-82dc-fde15f86c9ed GLOBAL_COMMIT
c206a93d-df83-439d-bc0c-c9a9d83f12ea INIT
c206a93d-df83-439d-bc0c-c9a9d83f12ea VOTE_COMMIT
c206a93d-df83-439d-bc0c-c9a9d83f12ea GLOBAL_COMMIT
c7b581d4-1e72-43f7-ac43-4d482116056a INIT
c7b581d4-1e72-43f7-ac43-4d482116056a VOTE_COMMIT
c7b581d4-1e72-43f7-ac43-4d482116056a GLOBAL_COMMIT
b68d2580-20d8-4b8e-b850-308a7d04893b INIT
b68d2580-20d8-4b8e-b850-308a7d04893b VOTE_COMMIT
b68d2580-20d8-4b8e-b850-308a7d04893b GLOBAL_COMMIT
0ae14452-55ff-4912-8d36-8a8974b8205a INIT
0ae14452-55ff-4912-8d36-8a8974b8205a VOTE_COMMIT
d21db815-333a-4b5e-8282-29f636f20d29 INIT
d21db815-333a-4b5e-8282-29f636f20d29 VOTE_COMMIT
03a5be91-3b28-4753-92e5-5aa5b1b2c83e INIT
03a5be91-3b28-4753-92e5-5aa5b1b2c83e VOTE_COMMIT
39ea41ea-c433-4868-86ee-fb4fcbe7e05e INIT
39ea41ea-c433-4868-86ee-fb4fcbe7e05e VOTE_COMMIT
3c87332c-d9cd-49af-95da-67e68f43910f INIT
3c87332c-d9cd-49af-95da-67e68f43910f VOTE_COMMIT
eff46415-0bb8-467e-9802-dedd08b6e145 INIT
eff46415-0bb8-467e-9802-dedd08b6e145 VOTE_COMMIT
218fbbd0-77fe-4794-826a-a9a330c81b7b INIT
218fbbd0-77fe-4794-826a-a9a330c81b7b VOTE_COMMIT
ec868edb-3817-4ffb-bd60-1497c35b19ec INIT
ec868edb-3817-4ffb-bd60-1497c35b19ec VOTE_COMMIT
8e986485-215d-473b-ba09-2487356bb129 INIT
8e986485-215d-473b-ba09-2487356bb129 VOTE_COMMIT
0a49b2e1-5d67-4f55-9cd8-eca49492e921 INIT
0a49b2e1-5d67-4f55-9cd8-eca49492e921 VOTE_COMMIT
35cc47ee-8116-4a65-a51c-fd2f1333a435 INIT
35cc47ee-8116-4a65-a51c-fd2f1333a435 VOTE_COMMIT
a3f83b6f-9776-4f82-9304-7ccd96027f7d INIT
a3f83b6f-9776-4f82-9304-7ccd96027f7d VOTE_COMMIT
a3f83b6f-9776-4f82-9304-7ccd96027f7d GLOBAL_COMMIT
fb744ea7-be00-4c1c-ab73-d7aea48f04d4 INIT
fb744ea7-be00-4c1c-ab73-d7aea48f04d4 VOTE_COMMIT
fb744ea7-be00-4c1c-ab73-d7aea48f04d4 GLOBAL_COMMIT
8e97561f-873f-47b3-bff9-ad1e5bff5925 INIT
8e97561f-873f-47b3-bff9-ad1e5bff5925 VOTE_COMMIT
8e97561f-873f-47b3-bff9-ad1e5bff5925 GLOBAL_COMMIT
4266bd35-d978-4bb5-89e6-b5171ad1d1b4 INIT
4266bd35-d978-4bb5-89e6-b5171ad1d1b4 VOTE_COMMIT
4266bd35-d978-4bb5-89e6-b5171ad1d1b4 GLOBAL_COMMIT
dd515aaa-ec3a-4e8f-8ad3-ea5b7015d200 INIT
dd515aaa-ec3a-4e8f-8ad3-ea5b7015d200 VOTE_COMMIT
dd515aaa-ec3a-4e8f-8ad3-ea5b7015d200 GLOBAL_COMMIT
8e94fb49-82af-4f00-a71c-a9487223ca3c INIT
8e94fb49-82af-4f00-a71c-a9487223ca3c VOTE_COMMIT
8e94fb49-82af-4f00-a71c-a9487223ca3c GLOBAL_COMMIT
67d81a73-97f6-4c6b-8fc6-f84f234318b9 INIT
67d81a73-97f6-4c6b-8fc6-f84f234318b9 VOTE_COMMIT
67d81a73-97f6-4c6b-8fc6-f84f234318b9 GLOBAL_COMMIT
d1e17c82-5511-49e5-9faa-627fb6cfb1e1 INIT
d1e17c82-5511-49e5-9faa-627fb6cfb1e1 VOTE_COMMIT
d1e17c82-5511-49e5-9faa-627fb6cfb1e1 GLOBAL_COMMIT
116d04ce-eb88-4fa0-920a-afa82ee62087 INIT
116d04ce-eb88-4fa0-920a-afa82ee62087 VOTE_COMMIT
116d04ce-eb88-4fa0-920a-afa82ee62087 GLOBAL_COMMIT
372fb063-2661-4491-9425-6b9f80e2ea04 INIT
372fb063-2661-4491-9425-6b9f80e2ea04 VOTE_COMMIT
372fb063-2661-4491-9425-6b9f80e2ea04 GLOBAL_COMMIT
2fe438e6-2a04-47af-b99a-d3febff1c036 INIT
2fe438e6-2a04-47af-b99a-d3febff1c036 VOTE_COMMIT
2fe438e6-2a04-47af-b99a-d3febff1c036 GLOBAL_COMMIT
227895f8-0f41-4ed5-b4be-36b64acf22ba INIT
227895f8-0f41-4ed5-b4be-36b64acf22ba VOTE_COMMIT
227895f8-0f41-4ed5-b4be-36b64acf22ba GLOBAL_COMMIT
56eb266a-ee48-4f22-a564-76cdb7a6bae4 INIT
56eb266a-ee48-4f22-a564-76cdb7a6bae4 VOTE_COMMIT
56eb266a-ee48-4f22-a564-76cdb7a6bae4 GLOBAL_COMMIT
c586b303-f4c8-4b85-b1f6-c333834e7deb INIT
c586b303-f4c8-4b85-b1f6-c333834e7deb VOTE_COMMIT
c586b303-f4c8-4b85-b1f6-c333834e7deb GLOBAL_COMMIT
8355c499-dfa4-4fc3-85ee-94131e780fb1 INIT
8355c499-dfa4-4fc3-85ee-94131e780fb1 VOTE_COMMIT
8355c499-dfa4-4fc3-85ee-94131e780fb1 GLOBAL_COMMIT
ce8eecc9-556f-4668-a4c6-53ba78257ca4 INIT
14596ea4-3c8c-4ac0-9023-8fb69ea365b2 VOTE_COMMIT
14596ea4-3c8c-4ac0-9023-8fb69ea365b2 GLOBAL_COMMIT
d524d201-bc87-4314-94e5-7448e10d8237 VOTE_COMMIT
d524d201-bc87-4314-94e5-7448e10d8237 GLOBAL_COMMIT
b46137ac-d25a-475f-b108-19c3801994d4 VOTE_COMMIT
b46137ac-d25a-475f-b108-19c3801994d4 GLOBAL_COMMIT
12987cbf-d5a4-4313-91b6-7ca73e828c57 VOTE_COMMIT
12987cbf-d5a4-4313-91b6-7ca73e828c57 GLOBAL_COMMIT
bbea7412-c514-4638-847c-1cfef32517be VOTE_COMMIT
bbea7412-c514-4638-847c-1cfef32517be GLOBAL_COMMIT
14596ea4-3c8c-4ac0-9023-8fb69ea365b2 INIT
14596ea4-3c8c-4ac0-9023-8fb69ea365b2 GLOBAL_ABORT
f2054aa1-6dfa-4d19-a61f-7139393af108 INIT
f2054aa1-6dfa-4d19-a61f-7139393af108 VOTE_COMMIT
f2054aa1-6dfa-4d19-a61f-7139393af108 GLOBAL_COMMIT
f2054aa1-6dfa-4d19-a61f-7139393af108 GLOBAL_COMMIT
f2054aa1-6dfa-4d19-a61f-7139393af108 GLOBAL_COMMIT
d578f500-7560-401f-bf82-7aec5a6ab2d8 INIT
670a9fac-6376-4a9f-a0b4-fbeea8f3dccd INIT
670a9fac-6376-4a9f-a0b4-fbeea8f3dccd VOTE_COMMIT
670a9fac-6376-4a9f-a0b4-fbeea8f3dccd GLOBAL_COMMIT
1922b549-edae-43c8-bf17-f21158dc94eb INIT
1922b549-edae-43c8-bf17-f21158dc94eb VOTE_COMMIT
1922b549-edae-43c8-bf17-f21158dc94eb GLOBAL_COMMIT
b65da673-9ab7-44bf-9365-c59d9dcd2452 INIT
b65da673-9ab7-44bf-9365-c59d9dcd2452 VOTE_COMMIT
b65da673-9ab7-44bf-9365-c59d9dcd2452 GLOBAL_COMMIT
365b69e8-caf7-4753-ab7e-a0ae27b148a7 INIT
365b69e8-caf7-4753-ab7e-a0ae27b148a7 VOTE_COMMIT
365b69e8-caf7-4753-ab7e-a0ae27b148a7 GLOBAL_COMMIT
7e3b1c3d-d6bb-4f87-afa2-08f101e354e6 INIT
7e3b1c3d-d6bb-4f87-afa2-08f101e354e6 VOTE_COMMIT
7e3b1c3d-d6bb-4f87-afa2-08f101e354e6 GLOBAL_COMMIT
16c1c315-4de7-43d9-87b8-7bd78a292d98 INIT
16c1c315-4de7-43d9-87b8-7bd78a292d98 VOTE_COMMIT
16c1c315-4de7-43d9-87b8-7bd78a292d98 GLOBAL_COMMIT
40e4896b-37f5-4cb4-8607-4b0ff3f19aa1 INIT
40e4896b-37f5-4cb4-8607-4b0ff3f19aa1 VOTE_COMMIT
40e4896b-37f5-4cb4-8607-4b0ff3f19aa1 GLOBAL_COMMIT
4601887d-ef29-4498-9979-007d4d383fae INIT
4601887d-ef29-4498-9979-007d4d383fae VOTE_COMMIT
4601887d-ef29-4498-9979-007d4d383fae GLOBAL_COMMIT
67beecd6-5b4f-4ec8-ac95-98a0ecfdcaab INIT
67beecd6-5b4f-4ec8-ac95-98a0ecfdcaab VOTE_COMMIT
67beecd6-5b4f-4ec8-ac95-98a0ecfdcaab GLOBAL_COMMIT
c4d2b4f1-dc32-4d13-9f7c-4ea7125fe20c INIT
c4d2b4f1-dc32-4d13-9f7c-4ea7125fe20c VOTE_COMMIT
c4d2b4f1-dc32-4d13-9f7c-4ea7125fe20c GLOBAL_COMMIT
ae10db99-b69e-4baf-9606-336b23d0c50c INIT
ae10db99-b69e-4baf-9606-336b23d0c50c VOTE_COMMIT
ae10db99-b69e-4baf-9606-336b23d0c50c GLOBAL_COMMIT
069d3409-949a-4e92-b8a2-9afd45b93ab9 INIT
069d3409-949a-4e92-b8a2-9afd45b93ab9 VOTE_COMMIT
069d3409-949a-4e92-b8a2-9afd45b93ab9 GLOBAL_COMMIT
1da58163-d12e-4277-94af-c727fcb79ce6 INIT
1da58163-d12e-4277-94af-c727fcb79ce6 VOTE_COMMIT
1da58163-d12e-4277-94af-c727fcb79ce6 GLOBAL_COMMIT
0da11c2d-e3aa-4314-894e-4fe9cd57d3a9 INIT
0da11c2d-e3aa-4314-894e-4fe9cd57d3a9 VOTE_COMMIT
0da11c2d-e3aa-4314-894e-4fe9cd57d3a9 GLOBAL_COMMIT
2857c7c9-8e09-411e-a376-ad00edfe6100 INIT
2857c7c9-8e09-411e-a376-ad00edfe6100 VOTE_COMMIT
2857c7c9-8e09-411e-a376-ad00edfe6100 GLOBAL_COMMIT
e73a4f2b-5195-4668-b01c-fbe0c99d0139 INIT
e73a4f2b-5195-4668-b01c-fbe0c99d0139 VOTE_COMMIT
e73a4f2b-5195-4668-b01c-fbe0c99d0139 GLOBAL_COMMIT
d9d27d55-ed57-4e17-9f30-e871ddee66aa INIT
d9d27d55-ed57-4e17-9f30-e871ddee66aa VOTE_COMMIT
d9d27d55-ed57-4e17-9f30-e871ddee66aa GLOBAL_COMMIT
7fc95593-c8b4-4863-b2ba-b0adbe1f11b2 INIT
7fc95593-c8b4-4863-b2ba-b0adbe1f11b2 VOTE_COMMIT
7fc95593-c8b4-4863-b2ba-b0adbe1f11b2 GLOBAL_COMMIT
4c644c8f-a242-48bb-b498-e3e2817e6c38 INIT
4c644c8f-a242-48bb-b498-e3e2817e6c38 VOTE_COMMIT
4c644c8f-a242-48bb-b498-e3e2817e6c38 GLOBAL_COMMIT
f4c12883-ecd4-42eb-a6de-a4215de63249 INIT
f4c12883-ecd4-42eb-a6de-a4215de63249 VOTE_COMMIT
f4c12883-ecd4-42eb-a6de-a4215de63249 GLOBAL_COMMIT
4a40e913-4f87-4ab7-98ec-283566854298 INIT
4a40e913-4f87-4ab7-98ec-283566854298 VOTE_COMMIT
4a40e913-4f87-4ab7-98ec-283566854298 GLOBAL_COMMIT
23fb322e-8100-42b8-9ec7-e17c0f8c1fea INIT
23fb322e-8100-42b8-9ec7-e17c0f8c1fea VOTE_COMMIT
23fb322e-8100-42b8-9ec7-e17c0f8c1fea GLOBAL_COMMIT
ca28f3b0-ca3e-4b0a-a098-65d32849202c INIT
ca28f3b0-ca3e-4b0a-a098-65d32849202c VOTE_COMMIT
ca28f3b0-ca3e-4b0a-a098-65d32849202c GLOBAL_COMMIT
4ba41d70-4b9f-4ff7-84cf-86566ef62e86 INIT
4ba41d70-4b9f-4ff7-84cf-86566ef62e86 GLOBAL_ABORT
313b6e77-8445-48cb-a547-ab58bdd663d7 INIT
313b6e77-8445-48cb-a547-ab58bdd663d7 GLOBAL_ABORT
f759d576-4732-4c76-a44e-861e9e0b6314 INIT
f759d576-4732-4c76-a44e-861e9e0b6314 GLOBAL_ABORT
d8512563-d3d1-4cea-a7f5-fe733602b03c INIT
d8512563-d3d1-4cea-a7f5-fe733602b03c VOTE_COMMIT
d8512563-d3d1-4cea-a7f5-fe733602b03c GLOBAL_COMMIT
ccfab808-0d90-4ed1-8ed5-789f7e05e3d2 INIT
ccfab808-0d90-4ed1-8ed5-789f7e05e3d2 GLOBAL_ABORT
