dfba9eef-32cf-450f-987c-d8bfed20722a INIT
dfba9eef-32cf-450f-987c-d8bfed20722a VOTE_COMMIT
dfba9eef-32cf-450f-987c-d8bfed20722a GLOBAL_COMMIT
b00e600d-5b3d-4652-8769-64c2b808720f INIT
b00e600d-5b3d-4652-8769-64c2b808720f VOTE_COMMIT
b00e600d-5b3d-4652-8769-64c2b808720f GLOBAL_COMMIT
52a67766-9a92-44e9-bfbd-ad8f9fc7478a INIT
52a67766-9a92-44e9-bfbd-ad8f9fc7478a VOTE_COMMIT
52a67766-9a92-44e9-bfbd-ad8f9fc7478a GLOBAL_COMMIT
c9087d74-7a0c-4fad-82fb-8fdd40ddea8c INIT
c9087d74-7a0c-4fad-82fb-8fdd40ddea8c GLOBAL_ABORT
2da01a94-99cd-4640-a695-0ec9fc1c4198 INIT
2da01a94-99cd-4640-a695-0ec9fc1c4198 VOTE_COMMIT
2da01a94-99cd-4640-a695-0ec9fc1c4198 GLOBAL_COMMIT
2e466842-b82c-446f-8062-a904dd1e95ca INIT
2e466842-b82c-446f-8062-a904dd1e95ca VOTE_COMMIT
2e466842-b82c-446f-8062-a904dd1e95ca GLOBAL_COMMIT
85e2c7cf-b8e6-4029-9e31-500a11f3d840 INIT
85e2c7cf-b8e6-4029-9e31-500a11f3d840 VOTE_COMMIT
85e2c7cf-b8e6-4029-9e31-500a11f3d840 GLOBAL_COMMIT
aa0de8b9-ad57-46f9-8d95-036f1ea9eb6f INIT
aa0de8b9-ad57-46f9-8d95-036f1ea9eb6f VOTE_COMMIT
aa0de8b9-ad57-46f9-8d95-036f1ea9eb6f GLOBAL_COMMIT
25f17863-8cb3-49cd-a73f-9f8389318e52 INIT
25f17863-8cb3-49cd-a73f-9f8389318e52 VOTE_COMMIT
25f17863-8cb3-49cd-a73f-9f8389318e52 GLOBAL_COMMIT
daeaea23-cde6-442e-8543-5d266a36d466 INIT
daeaea23-cde6-442e-8543-5d266a36d466 VOTE_COMMIT
daeaea23-cde6-442e-8543-5d266a36d466 GLOBAL_COMMIT
2e2cb3c3-ba6f-4190-8d64-0714074696bf INIT
2e2cb3c3-ba6f-4190-8d64-0714074696bf GLOBAL_ABORT
9d5d9356-3c19-4b32-82eb-f348bd7ccfbb INIT
9d5d9356-3c19-4b32-82eb-f348bd7ccfbb GLOBAL_ABORT
ab63f82c-8f2a-407b-beb4-68920d50f084 INIT
ab63f82c-8f2a-407b-beb4-68920d50f084 VOTE_COMMIT
ab63f82c-8f2a-407b-beb4-68920d50f084 GLOBAL_COMMIT
58656892-bbc1-4d4f-8947-5918a9245a0c INIT
58656892-bbc1-4d4f-8947-5918a9245a0c GLOBAL_ABORT
0b8f5a8b-252c-47cc-8884-00c468fe26a6 VOTE_COMMIT
a8a76eb6-ec43-4ff8-b398-0f90e436d19b GLOBAL_ABORT
bde904b4-45dc-4fa5-a82e-c6b8dbcaf96f INIT
bde904b4-45dc-4fa5-a82e-c6b8dbcaf96f VOTE_COMMIT
bde904b4-45dc-4fa5-a82e-c6b8dbcaf96f GLOBAL_COMMIT
afa12c60-489a-4e0e-8bba-97fbf8668b53 INIT
afa12c60-489a-4e0e-8bba-97fbf8668b53 VOTE_COMMIT
afa12c60-489a-4e0e-8bba-97fbf8668b53 GLOBAL_COMMIT

7795fcdb-7d28-4df3-b26a-e4e083727a47 INIT
7795fcdb-7d28-4df3-b26a-e4e083727a47 VOTE_COMMIT
7795fcdb-7d28-4df3-b26a-e4e083727a47 GLOBAL_COMMIT
40f99618-22f5-4d24-9ade-74fd6a83b162 INIT
40f99618-22f5-4d24-9ade-74fd6a83b162 VOTE_COMMIT
40f99618-22f5-4d24-9ade-74fd6a83b162 GLOBAL_COMMIT
ab47a848-68e0-4c79-9374-efd3ce634906 INIT
ab47a848-68e0-4c79-9374-efd3ce634906 GLOBAL_ABORT
4d766db1-31e8-4de7-9113-d8556fd05187 INIT
4d766db1-31e8-4de7-9113-d8556fd05187 VOTE_COMMIT
4d766db1-31e8-4de7-9113-d8556fd05187 GLOBAL_COMMIT
4d766db1-31e8-4de7-9113-d8556fd05187 GLOBAL_COMMIT
4d766db1-31e8-4de7-9113-d8556fd05187 GLOBAL_COMMIT
4d766db1-31e8-4de7-9113-d8556fd05187 GLOBAL_COMMIT
4d766db1-31e8-4de7-9113-d8556fd05187 GLOBAL_COMMIT
27b8ee5b-dedd-4774-bbd3-5f215eeb8691 VOTE_COMMIT
27b8ee5b-dedd-4774-bbd3-5f215eeb8691 GLOBAL_COMMIT
d55ee510-619d-4f08-ac0f-ca45fc37f366 INIT
d55ee510-619d-4f08-ac0f-ca45fc37f366 VOTE_COMMIT
d55ee510-619d-4f08-ac0f-ca45fc37f366 GLOBAL_COMMIT
f703bf5b-4d54-4268-8815-fc6c36bc0770 INIT
f703bf5b-4d54-4268-8815-fc6c36bc0770 GLOBAL_ABORT
2ca3bff5-47c7-4bbd-971c-0adaa6e0cd31 INIT
2ca3bff5-47c7-4bbd-971c-0adaa6e0cd31 GLOBAL_ABORT
02a049cb-f26d-4949-8e31-27cb201c6a8b INIT
02a049cb-f26d-4949-8e31-27cb201c6a8b GLOBAL_ABORT
1ea801c1-dc04-4295-8c5f-2c650d7bd09f INIT
1ea801c1-dc04-4295-8c5f-2c650d7bd09f VOTE_COMMIT
1ea801c1-dc04-4295-8c5f-2c650d7bd09f GLOBAL_COMMIT
1ea801c1-dc04-4295-8c5f-2c650d7bd09f GLOBAL_COMMIT
1ea801c1-dc04-4295-8c5f-2c650d7bd09f GLOBAL_COMMIT
1ea801c1-dc04-4295-8c5f-2c650d7bd09f GLOBAL_COMMIT
1ea801c1-dc04-4295-8c5f-2c650d7bd09f GLOBAL_COMMIT
1ea801c1-dc04-4295-8c5f-2c650d7bd09f GLOBAL_COMMIT
1ea801c1-dc04-4295-8c5f-2c650d7bd09f GLOBAL_COMMIT
1ea801c1-dc04-4295-8c5f-2c650d7bd09f GLOBAL_COMMIT
1ea801c1-dc04-4295-8c5f-2c650d7bd09f GLOBAL_COMMIT
1ea801c1-dc04-4295-8c5f-2c650d7bd09f GLOBAL_COMMIT
7b6b5428-3c7d-4872-8e35-f6a72abab96e INIT
7b6b5428-3c7d-4872-8e35-f6a72abab96e GLOBAL_ABORT
f932b068-b972-4890-ba36-b03dc1924dda INIT
f932b068-b972-4890-ba36-b03dc1924dda VOTE_COMMIT
f932b068-b972-4890-ba36-b03dc1924dda GLOBAL_COMMIT
8f6e4fa6-adf2-410d-9bd8-8ba530d87ad1 GLOBAL_ABORT
a82024d8-6f7b-4c38-b151-ed4873735a49 INIT
a82024d8-6f7b-4c38-b151-ed4873735a49 GLOBAL_ABORT
0c2396f6-d575-4b58-a220-f9af2672fc3f INIT
0c2396f6-d575-4b58-a220-f9af2672fc3f VOTE_COMMIT
0c2396f6-d575-4b58-a220-f9af2672fc3f GLOBAL_COMMIT
0c2396f6-d575-4b58-a220-f9af2672fc3f GLOBAL_COMMIT
40cc2a42-bfda-424a-aa1e-c7f5a5f0beea INIT
40cc2a42-bfda-424a-aa1e-c7f5a5f0beea GLOBAL_COMMIT
40cc2a42-bfda-424a-aa1e-c7f5a5f0beea GLOBAL_COMMIT
40cc2a42-bfda-424a-aa1e-c7f5a5f0beea GLOBAL_ABORT
40cc2a42-bfda-424a-aa1e-c7f5a5f0beea GLOBAL_COMMIT
40cc2a42-bfda-424a-aa1e-c7f5a5f0beea GLOBAL_COMMIT
40cc2a42-bfda-424a-aa1e-c7f5a5f0beea GLOBAL_COMMIT
40cc2a42-bfda-424a-aa1e-c7f5a5f0beea GLOBAL_COMMIT
40cc2a42-bfda-424a-aa1e-c7f5a5f0beea GLOBAL_COMMIT
40cc2a42-bfda-424a-aa1e-c7f5a5f0beea GLOBAL_COMMIT
40cc2a42-bfda-424a-aa1e-c7f5a5f0beea GLOBAL_COMMIT
40cc2a42-bfda-424a-aa1e-c7f5a5f0beea GLOBAL_COMMIT
40cc2a42-bfda-424a-aa1e-c7f5a5f0beea GLOBAL_COMMIT
40cc2a42-bfda-424a-aa1e-c7f5a5f0beea GLOBAL_COMMIT
40cc2a42-bfda-424a-aa1e-c7f5a5f0beea GLOBAL_COMMIT
40cc2a42-bfda-424a-aa1e-c7f5a5f0beea GLOBAL_COMMIT
40cc2a42-bfda-424a-aa1e-c7f5a5f0beea GLOBAL_COMMIT
40cc2a42-bfda-424a-aa1e-c7f5a5f0beea GLOBAL_COMMIT
40cc2a42-bfda-424a-aa1e-c7f5a5f0beea GLOBAL_COMMIT
40cc2a42-bfda-424a-aa1e-c7f5a5f0beea GLOBAL_COMMIT
40cc2a42-bfda-424a-aa1e-c7f5a5f0beea GLOBAL_COMMIT
40cc2a42-bfda-424a-aa1e-c7f5a5f0beea GLOBAL_COMMIT
40cc2a42-bfda-424a-aa1e-c7f5a5f0beea GLOBAL_COMMIT
40cc2a42-bfda-424a-aa1e-c7f5a5f0beea GLOBAL_COMMIT
40cc2a42-bfda-424a-aa1e-c7f5a5f0beea GLOBAL_COMMIT
40cc2a42-bfda-424a-aa1e-c7f5a5f0beea GLOBAL_COMMIT
40cc2a42-bfda-424a-aa1e-c7f5a5f0beea GLOBAL_COMMIT
40cc2a42-bfda-424a-aa1e-c7f5a5f0beea GLOBAL_COMMIT
40cc2a42-bfda-424a-aa1e-c7f5a5f0beea GLOBAL_COMMIT
40cc2a42-bfda-424a-aa1e-c7f5a5f0beea GLOBAL_COMMIT
fb55b12a-b2f2-4292-a76e-488dac3e58ed INIT
fb55b12a-b2f2-4292-a76e-488dac3e58ed GLOBAL_ABORT
6663f0b6-7aae-4cb7-9a2c-3ca8592e46ac INIT
6663f0b6-7aae-4cb7-9a2c-3ca8592e46ac GLOBAL_ABORT
83a4fd8a-98ad-4982-8659-61a2ddd05d27 INIT
83a4fd8a-98ad-4982-8659-61a2ddd05d27 VOTE_COMMIT
83a4fd8a-98ad-4982-8659-61a2ddd05d27 GLOBAL_COMMIT
6e1600ea-6907-461f-9bc2-343596c970ad INIT
6e1600ea-6907-461f-9bc2-343596c970ad VOTE_COMMIT
6e1600ea-6907-461f-9bc2-343596c970ad GLOBAL_COMMIT
09eb4040-9cbb-449a-9fb9-53bb72cc8d80 INIT
09eb4040-9cbb-449a-9fb9-53bb72cc8d80 VOTE_COMMIT
09eb4040-9cbb-449a-9fb9-53bb72cc8d80 GLOBAL_ABORT
2ba92648-fbaa-48a7-95aa-7097abc10eb2 INIT
2ba92648-fbaa-48a7-95aa-7097abc10eb2 VOTE_COMMIT
2ba92648-fbaa-48a7-95aa-7097abc10eb2 GLOBAL_ABORT
bf6b324b-2b6b-4f9e-af32-9b80ed14ff2c INIT
bf6b324b-2b6b-4f9e-af32-9b80ed14ff2c VOTE_COMMIT
bf6b324b-2b6b-4f9e-af32-9b80ed14ff2c GLOBAL_ABORT
07c45986-5464-4dad-8d8a-99345613cebc INIT
07c45986-5464-4dad-8d8a-99345613cebc VOTE_COMMIT
07c45986-5464-4dad-8d8a-99345613cebc GLOBAL_COMMIT
65b43832-8475-43fa-82dc-fde15f86c9ed INIT
65b43832-8475-43fa-82dc-fde15f86c9ed VOTE_COMMIT
65b43832-8475-43fa-82dc-fde15f86c9ed GLOBAL_COMMIT
